<?xml version="1.0" encoding="UTF-8"?>
<Site BuildName="Win32-MSBuild"
	BuildStamp="20240827-0359-Experimental"
	Name="LAPTOP-Hamid"
	Generator="ctest-3.30.2"
	CompilerName="C:/Program Files/Microsoft Visual Studio/2022/Community/VC/Tools/MSVC/14.41.34120/bin/Hostx64/x64/cl.exe"
	CompilerVersion="19.41.34120.0"
	OSName="Windows"
	Hostname="LAPTOP-Hamid"
	OSRelease=" Professional"
	OSVersion=" (Build 22631)"
	OSPlatform="AMD64"
	Is64Bits="1"
	VendorString="AuthenticAMD"
	VendorID="Advanced Micro Devices"
	FamilyID="15"
	ModelID="0"
	ProcessorCacheSize="64"
	NumberOfLogicalCPU="16"
	NumberOfPhysicalCPU="8"
	TotalVirtualMemory="34290"
	TotalPhysicalMemory="28494"
	LogicalProcessorsPerPhysical="2"
	ProcessorClockFrequency="1896"
	>
	<Testing>
		<StartDateTime>Aug 27 06:05 W. Europe Daylight Time</StartDateTime>
		<StartTestTime>1724731534</StartTestTime>
		<TestList/>
		<EndDateTime>Aug 27 06:05 W. Europe Daylight Time</EndDateTime>
		<EndTestTime>1724731534</EndTestTime>
		<ElapsedMinutes>0</ElapsedMinutes>
	</Testing>
</Site>
